<?xml version="1.0" encoding="UTF-8"?>
<testsuite name="Smoke"
           tests="7"
           failures="0"
           errors="0"
           skipped="0"
           time="32.068">
  <properties />
  
  
            <testcase name="verifyJobSearchResultUsingDifferentDataSet" time="4.495" classname="uk.co.library.testsuite.JobSearchTest" />
                <testcase name="verifyJobSearchResultUsingDifferentDataSet" time="4.240" classname="uk.co.library.testsuite.JobSearchTest" />
                <testcase name="verifyJobSearchResultUsingDifferentDataSet" time="4.867" classname="uk.co.library.testsuite.JobSearchTest" />
                <testcase name="verifyJobSearchResultUsingDifferentDataSet" time="5.158" classname="uk.co.library.testsuite.JobSearchTest" />
                <testcase name="verifyJobSearchResultUsingDifferentDataSet" time="4.633" classname="uk.co.library.testsuite.JobSearchTest" />
                <testcase name="verifyJobSearchResultUsingDifferentDataSet" time="4.680" classname="uk.co.library.testsuite.JobSearchTest" />
                <testcase name="verifyJobSearchResultUsingDifferentDataSet" time="3.995" classname="uk.co.library.testsuite.JobSearchTest" />
      
</testsuite>
